======================================================================
Live CAN Monitor (Ctrl+C to stop)
======================================================================
Listening... (showing unique IDs, updates every second)

[2J[H======================================================================
Live CAN Monitor - 14 unique IDs (Ctrl+C to stop)
======================================================================
0x030: 38 00 00 00 00 1F FE 40
0x040: 80 00 00 00 7F FE 87 FE
0x050: C3 00 00 00 00 C8 C8 80
0x070: 71 17 D0 FE FE 3F FF 02
0x080: 99 04 02 1B FF FF 3C 02
0x090: 00 00 3F C7 00 00 6F FF
0x0B0: 00 04 29 04 01 5E 37 00
0x0E0: 13 01 C0 60 9F FF 00 36
0x148: 00 00 01 4A 00 00 08 00
0x1C0: F0 00 00 A4 06 45 6E 05
0x1D0: B1 FB 00 10 80 00 80 00
0x1F0: 20 00 00 07 0A 00 00 40
0x238: 00 00 00 00 00 30 0B 00
0x2E8: 00 00 00 00 7E 02 00 00
[2J[H======================================================================
Live CAN Monitor - 21 unique IDs (Ctrl+C to stop)
======================================================================
0x030: 29 00 00 00 00 1F FE 54
0x040: 80 00 00 00 7F FE 87 FE
0x050: C3 00 00 00 00 C8 C8 80
0x070: 71 17 D0 FE FE 3F FF 02
0x080: 99 04 02 1B FF FF 3C 02
0x090: 00 00 3F 2C 00 00 1F FF
0x0B0: 00 04 29 04 01 5E 37 00
0x0C0: 9D FB FF AC 00 00 1E 31
0x0E0: 13 01 C0 60 9F FF 00 36
0x130: 01 FD 50 03 04 00 00 00
0x148: 00 00 02 8B 00 00 08 00
0x160: 9D 8E 66 02 58 00 00 00
0x1B0: 03 5C 1E 00 80 4E 10 AD
0x1C0: F0 00 00 A4 06 45 6E 05
0x1D0: B1 FB 00 10 80 00 80 00
0x1E0: 20 00 01 00 00 00 00 00
0x1F0: 20 00 00 0B 96 00 00 40
0x220: 24 00 00 02 10 00 00 00
0x238: 00 00 00 00 00 26 02 00
0x2E8: 00 00 00 00 7E 02 00 00
0x328: 00 02 00 00 7E 81 00 80
[2J[H======================================================================
Live CAN Monitor - 27 unique IDs (Ctrl+C to stop)
======================================================================
0x030: 0E 00 00 00 00 1F FE 78
0x040: 80 00 00 00 7F FE 87 FE
0x050: C3 00 00 00 00 C8 C8 80
0x090: 00 00 3F 2C 00 00 1F FF
0x0A0: 47 00 04 01 04 01 A4 01
0x0C0: 1E 6B FF AC 00 00 1E 31
0x0D0: EC 00 4B 50 E2 6C E9 E4
0x130: 01 FD 50 03 04 00 00 00
0x148: 00 00 02 8B 00 00 08 00
0x160: 91 C1 66 02 5D 00 00 00
0x1B0: 03 5C 1E 00 80 4E 10 AD
0x1E0: 20 00 01 00 00 00 00 00
0x1F0: 20 00 00 0B 96 00 00 40
0x200: 01 00 00 00 03 5E 0E 00
0x238: 00 00 00 00 00 BE 00 00
0x300: 01 6B 00 00 00 00 00 00
0x315: 00 00 00 00 00 00 00 00
0x328: 00 02 00 00 7E 81 00 80
0x370: 20 00 00 BF FF 7A 00 C0
[2J[H======================================================================
Live CAN Monitor - 33 unique IDs (Ctrl+C to stop)
======================================================================
0x030: 0E 00 00 00 00 1F FE 78
0x040: 80 00 00 00 7F FE 87 FE
0x050: C3 00 00 00 00 C8 C8 80
0x0A0: DB 00 04 01 04 01 24 01
0x0B0: 00 04 29 04 02 67 3E 00
0x0C0: 14 AB FF AC 00 00 1E 31
0x0D0: EC 00 4B 50 E2 6C E9 E4
0x0E0: 13 01 C0 33 9F FF 00 4C
0x110: 00 81 F4 00 00 00 00 FF
0x140: 00 6C 83 00 00 7F 80 00
0x160: 91 C1 66 02 5D 00 00 00
0x180: 00 00 80 6D 06 80 16 00
0x190: 00 10 00 00 00 00 02 07
0x1E0: 20 00 01 00 00 00 00 00
0x200: 01 00 00 00 03 5E 0E 00
0x238: 00 00 00 00 00 BE 00 00
0x250: FC 00 42 67 40 C9 80 C0
0x280: 00 00 03 FE 01 FE 13 FE
0x300: 01 6B 00 00 00 00 00 00
0x315: 00 00 00 00 00 00 00 00
0x370: 20 00 00 BF FF 7A 00 C0
[2J[H======================================================================
Live CAN Monitor - 34 unique IDs (Ctrl+C to stop)
======================================================================
0x030: 01 00 00 00 00 1F FE 74
0x040: 80 00 00 00 7F FE 87 FE
0x050: C3 00 00 00 00 C8 C8 80
0x060: 05 FC 07 FF 00 00 01 A1
0x080: 3F 04 00 1B FF 6A DB FF
0x090: 00 00 3F B8 00 00 3F FF
0x0A0: DB 00 04 01 04 01 24 01
0x0C0: 98 9B FF AC 00 00 1E 31
0x0E0: 13 01 C0 33 9F FF 00 4C
0x110: 00 81 F4 00 00 00 00 FF
0x140: 00 6C 83 00 00 7F 80 00
0x160: 9B 7A 66 02 5B 00 00 00
0x180: 00 00 80 6D 06 80 16 00
0x190: 00 10 00 00 00 00 02 07
0x238: 00 00 00 00 00 51 0E 00
0x250: FC 00 42 67 40 C9 80 C0
0x280: 00 00 03 FE 01 FE 13 FE
[2J[H======================================================================
Live CAN Monitor - 38 unique IDs (Ctrl+C to stop)
======================================================================
0x030: 2C 00 00 00 00 1F FE 50
0x040: 80 00 00 00 7F FE 87 FE
0x050: C3 00 00 00 00 C8 C8 80
0x080: 3F 04 00 1B FF 6A DB FF
0x090: 00 00 3F B8 00 00 3F FF
0x0A0: 21 00 04 02 04 02 A4 02
0x0C0: 9D FB FF AC 00 00 1E 31
0x0D0: EC 00 4B 50 E2 6E D3 E4
0x0E0: 13 01 C0 14 9F FF 00 72
0x150: 00 00 0A 00 00 64 00 7E
0x160: 95 B5 66 02 5D 00 00 00
0x180: 00 00 80 6D 06 80 16 00
0x1B0: 03 5C 1E 00 80 BA 17 AD
0x1C0: F0 00 00 4C 06 C5 6E 05
0x238: 00 00 00 00 00 51 0E 00
0x250: FC 00 42 67 40 C9 80 C0
0x270: 00 27 E0 00 83 FE 03 00
0x2C0: 30 00 7D CF 59 40 9C 80
0x448: 03 5E 0E 40 10 60 00 C0
[2J[H======================================================================
Live CAN Monitor - 42 unique IDs (Ctrl+C to stop)
======================================================================
0x030: 23 00 00 00 00 1F FE 5C
0x040: 80 00 00 00 7F FE 87 FE
0x060: 05 FC 07 FF 00 00 0D 3D
0x0A0: DB 00 04 01 04 01 24 01
0x0C0: 1B 0B FF 2C 00 00 1E 31
0x0D0: 6C 00 41 90 E2 6E E5 AC
0x0E0: 13 01 C0 14 9F FF 00 72
0x148: 00 00 07 D5 00 00 08 00
0x150: 00 00 0A 00 00 64 00 7E
0x160: 99 B1 5A 01 56 00 00 00
0x1B0: 03 5C 1E 00 80 BA 17 AD
0x1C0: F0 00 00 4C 06 C5 6E 05
0x1E0: 20 00 01 00 00 00 00 00
0x230: 60 00 7F C0 00 40 00 04
0x250: FC 00 42 67 40 C9 80 C0
0x270: 00 27 E0 00 83 FE 03 00
0x2C0: 30 00 7D CF 59 40 9C 80
0x2E0: 00
0x2E8: 00 00 00 00 7E 02 00 00
0x300: 01 6B 00 00 00 00 00 00
0x308: 61 00 00 00 00 00 03 84
0x310: 00 80 00 00 00 00 00 00
0x448: 03 5E 0E 40 10 60 00 C0
[2J[H======================================================================
Live CAN Monitor - 45 unique IDs (Ctrl+C to stop)
======================================================================
0x030: 37 00 00 00 00 1F FE 4C
0x040: 80 00 00 00 7F FE 87 FE
0x050: C3 00 00 00 00 C8 C8 80
0x060: 05 FC 07 FF 00 00 0F 07
0x080: 05 04 01 1B FF E7 FC 01
0x0A0: 40 00 04 65 04 65 F4 65
0x0C0: 1B 0B FF 2C 00 00 1E 31
0x0D0: 6C 00 41 90 E0 5E 07 EC
0x148: 00 00 07 D5 00 00 08 00
0x150: 00 00 AD 00 00 78 00 7F
0x160: 99 B1 5A 01 56 00 00 00
0x190: 00 08 00 00 00 00 00 02
0x1E0: 20 00 01 00 00 00 00 00
0x230: 60 00 7F C0 00 40 00 04
0x2E0: 00
0x2E8: 00 00 00 00 7E 02 00 00
0x300: 01 6B 00 00 00 00 00 00
0x310: 00 80 00 00 00 00 00 00
0x330: 41 80 87 80 00 00 00 00
0x360: 35 00 00 00 10 00 00 04
0x380: A0 00 00 02 17 A8 00 00
[2J[H======================================================================
Live CAN Monitor - 48 unique IDs (Ctrl+C to stop)
======================================================================
0x030: 04 00 00 00 00 1F FE 70
0x050: C3 00 00 00 00 C8 C8 80
0x060: 05 FC 07 FF 00 00 0F 07
0x070: 56 37 D0 FE FE 3F FF 02
0x080: 84 04 01 1B FF 66 2C 01
0x090: 00 00 3F 66 00 00 0F FF
0x0A0: 40 00 04 65 04 65 F4 65
0x0C0: 1B 0B FF 0C 00 00 1E 31
0x0D0: 6C 00 41 90 E0 5E 07 EC
0x0E0: 13 00 C0 B4 93 FF 00 32
0x110: 00 83 FF 00 00 00 00 BF
0x150: 00 00 AD 00 00 78 00 7F
0x170: 00 00 00 00 00 00 10 00
0x190: 00 04 00 00 00 00 02 02
0x200: 01 00 00 00 03 5E 0E 00
0x250: FC 00 42 67 40 C9 80 C0
0x2A0: 80 80 40 00 70 44 66 0F
0x2D0: 00 00 00 00 00 00 00 00
0x330: 41 80 87 80 00 00 00 00
0x360: 35 00 00 00 10 00 00 04
0x380: A0 00 00 02 17 A8 00 00
[2J[H======================================================================
Live CAN Monitor - 48 unique IDs (Ctrl+C to stop)
======================================================================
0x030: 15 00 00 00 00 1F FE 64
0x040: 80 00 00 00 7F FE 87 FE
0x050: C3 00 00 00 00 C8 C8 80
0x060: 06 67 07 FF 00 00 03 AF
0x070: 56 37 D0 FE FE 3F FF 02
0x080: ED 03 51 1B FF 8B 7B 51
0x090: 00 00 3F 66 00 00 0F FF
0x0B0: 00 03 FF 03 50 8A 31 00
0x0C0: 97 3B FF EE 00 00 1E 31
0x0E0: 13 00 C0 B4 93 FF 00 32
0x110: 00 83 FF 00 00 00 00 BF
0x130: 02 00 50 03 04 00 00 00
0x148: 00 00 00 FE 00 00 08 00
0x170: 00 00 00 00 00 00 10 00
0x190: 00 04 00 00 00 00 02 02
0x1C0: F0 00 00 F7 06 35 6E 05
0x1D0: D8 FD 00 10 80 00 A0 00
0x1F0: 20 00 00 00 59 00 00 40
0x200: 01 00 00 00 03 5E 0E 00
0x250: FC 00 42 66 40 C9 80 C0
0x2A0: 80 80 40 00 70 44 66 0F
0x2D0: 00 00 00 00 00 00 00 00
[2J[H======================================================================
Live CAN Monitor - 48 unique IDs (Ctrl+C to stop)
======================================================================
0x030: 29 00 00 00 00 1F FE 54
0x040: 80 00 00 00 7F FE 87 FE
0x050: C3 00 00 00 00 C8 C8 80
0x060: 06 67 07 FF 00 00 03 AF
0x070: 71 17 D0 FE FE 3F FF 02
0x080: ED 03 51 1B FF 8B 7B 51
0x090: 00 00 3F 43 00 00 07 FF
0x0B0: 00 03 FF 03 5A BE 30 00
0x0C0: 11 CB FF AC 00 00 1E 31
0x0E0: 13 01 C0 16 9B FF 00 12
0x130: 02 00 50 03 04 00 00 00
0x150: 00 00 AB 00 00 7C 00 7F
0x190: 00 04 40 00 00 00 22 02
0x1C0: F0 00 00 F7 06 35 6E 05
0x1D0: D8 FD 00 10 80 00 A0 00
0x1E0: 20 00 01 00 00 00 00 00
0x1F0: 20 00 00 01 44 00 00 40
0x200: 01 00 00 00 03 5E 0E 00
0x250: FC 00 42 66 40 C9 80 C0
0x280: 00 00 03 FE 01 FE 13 FE
[2J[H======================================================================
Live CAN Monitor - 51 unique IDs (Ctrl+C to stop)
======================================================================
0x030: 23 00 00 00 00 1F FE 5C
0x040: 80 00 00 00 7F FE 87 FE
0x050: C3 00 00 00 00 C8 C8 80
0x070: 71 17 D0 FE FE 3F FF 02
0x080: 3F 03 5B 1B FF 66 DB 5B
0x090: 00 00 3F C7 00 00 6F FF
0x0A0: C8 00 03 5C 03 5C E3 5C
0x0B0: 00 03 FF 03 5A BE 30 00
0x0C0: 11 CB FF AC 00 00 1E 31
0x0E0: 13 01 C0 B0 9B FF 00 F2
0x100: 00 07 FE 03 FE 03 FE 00
0x140: 00 6D 83 00 00 7F 80 00
0x148: 00 00 00 FE 00 00 08 00
0x150: 00 00 AB 00 00 7C 00 7F
0x154: 37 D0 07 BD 07 D9 07 E3
0x190: 00 04 00 00 00 00 02 02
0x1E0: 20 00 01 00 00 00 00 00
0x1F0: 20 00 00 01 44 00 00 40
0x200: 01 00 00 00 03 5E 0E 00
0x280: 00 00 03 FE 01 FE 13 FE
0x2A0: 80 81 40 00 87 44 00 0D
0x315: 00 00 00 00 00 00 00 00
0x318: 00 00 00 00 00 00 00 02
[2J[H======================================================================
Live CAN Monitor - 53 unique IDs (Ctrl+C to stop)
======================================================================
0x030: 37 00 00 00 00 1F FE 4C
0x040: 80 00 00 00 7F FE 87 FE
0x050: C3 00 00 00 00 C8 C8 80
0x070: 3E C7 D0 FE FE 3F FF 02
0x080: 3F 03 5B 1B FF 66 DB 5B
0x090: 00 00 3F C7 00 00 6F FF
0x0A0: 87 00 03 5C 03 5C 33 5C
0x0C0: 98 9B FF AC 00 00 1E 31
0x0E0: 13 01 C0 B0 9B FF 00 F2
0x100: 00 07 FE 03 FE 03 FE 00
0x110: 00 81 F4 00 00 00 00 FF
0x140: 00 6D 83 00 00 7F 80 00
0x148: 00 00 00 FE 00 00 08 00
0x154: 67 C7 07 D0 07 D0 07 BD
0x170: 00 00 00 00 00 00 20 00
0x190: 00 04 00 00 00 00 02 02
0x1D0: B0 F2 00 10 80 00 80 00
0x200: 01 00 00 00 03 5E 0E 00
0x2A0: 80 81 40 00 87 44 00 0D
0x2B0: 00 78 86 00 27 00 08 40
0x2C0: 30 00 7D D0 81 40 9C 80
0x308: 61 00 00 00 00 02 03 84
0x315: 00 00 00 00 00 00 00 00
0x388: 00 00 62 F8 04 00 00 00
[2J[H======================================================================
Live CAN Monitor - 55 unique IDs (Ctrl+C to stop)
======================================================================
0x030: 29 00 00 00 00 1F FE 54
0x040: 80 00 00 00 7F FE 87 FE
0x050: C3 00 00 00 00 C8 C8 80
0x070: 71 17 D0 FE FE 3F FF 02
0x080: 18 03 5B 1B FF 41 EB 5B
0x090: 00 00 3F 43 00 00 07 FF
0x0A0: 87 00 03 5C 03 5C 33 5C
0x0C0: 17 8B FF AC 00 00 1E 31
0x0D0: 6C 00 40 20 E0 00 61 C4
0x110: 00 81 F4 00 00 00 00 FF
0x140: 00 6D 83 00 00 7F 80 00
0x148: 00 00 0F 1C 00 00 08 00
0x154: 67 C7 07 D0 07 D0 07 BD
0x170: 00 00 00 00 00 00 20 00
0x190: 00 04 40 00 00 00 22 02
0x1D0: B0 F2 00 10 80 00 80 00
0x1E0: 20 00 01 00 00 00 00 00
0x200: 01 00 00 00 03 5E 0E 00
0x238: 00 00 00 00 00 85 0D 00
0x2B0: 00 78 86 00 27 00 08 40
0x2C0: 30 00 7D D0 81 40 9C 80
0x308: 61 00 00 00 00 02 03 84
0x320: 38 E0 00 00 00 03 00 00
0x328: 00 02 00 00 7E 81 20 81
0x358: 00 00 00 00 00 00 00 40
0x380: A0 00 00 02 17 A8 00 00
0x388: 00 00 62 F8 04 00 00 00
[2J[H======================================================================
Live CAN Monitor - 55 unique IDs (Ctrl+C to stop)
======================================================================
0x030: 29 00 00 00 00 1F FE 54
0x050: C3 00 00 00 00 C8 C8 80
0x080: 3F 03 5B 1B FF 66 DB 5B
0x090: 00 00 3F 09 00 00 17 FF
0x0A0: 3C 00 03 5C 03 5C 93 5C
0x0B0: 00 03 FF 03 5B A5 3F 00
0x0C0: 17 8B FF AC 00 00 1E 31
0x0D0: 6C 00 40 20 E0 00 61 C4
0x0E0: 13 01 C0 2C 9B FF 00 3A
0x100: 00 07 FE 03 FE 03 FE 00
0x140: 00 6D 83 00 00 7F 80 00
0x148: 00 00 00 FE 00 00 08 00
0x160: 9E 50 64 00 00 00 00 00
0x190: 00 04 00 00 00 00 00 02
0x1D0: D9 F4 00 10 80 00 80 00
0x1E0: 20 00 01 00 00 00 00 00
0x220: 24 00 00 02 10 00 00 00
0x238: 00 00 00 00 00 BE 00 00
0x320: 38 E0 00 00 00 03 00 00
0x328: 00 02 00 00 7E 81 20 81
0x358: 00 00 00 00 00 00 00 40
0x380: A0 00 00 02 17 A8 00 00
[2J[H======================================================================
Live CAN Monitor - 56 unique IDs (Ctrl+C to stop)
======================================================================
0x030: 2C 00 00 00 00 1F FE 50
0x040: 80 00 00 00 7F FE 87 FE
0x050: C3 00 00 00 00 C8 C8 80
0x060: 06 67 07 FF 00 00 0A 5A
0x080: 6C 03 5B 1B FF 35 AB 5B
0x090: 00 00 3F 09 00 00 17 FF
0x0B0: 00 03 FF 03 5B A9 37 00
0x0C0: 9D FB FF EE 00 00 1E 31
0x0E0: 13 01 C0 7F 9B FF 00 4C
0x100: 00 07 FE 03 FE 03 FE 00
0x140: 00 6E 83 00 00 7F 80 00
0x148: 00 00 00 FE 00 00 08 00
0x160: 9E 50 64 00 00 00 00 00
0x170: 00 00 00 00 00 00 20 00
0x190: 00 04 00 00 00 00 00 02
0x1D0: 63 F7 00 10 80 00 80 00
0x1E0: 20 00 01 00 00 00 00 00
0x220: 24 00 00 02 10 00 00 00
0x238: 00 00 00 00 00 BE 00 00
0x2B0: 00 08 86 00 27 00 08 40
0x328: 00 02 00 00 7E 81 20 81
0x449: 00 00 01 27 80 00 7F B2
[2J[H======================================================================
Live CAN Monitor - 57 unique IDs (Ctrl+C to stop)
======================================================================
0x030: 38 00 00 00 00 1F FE 40
0x040: 80 00 00 00 7F FE 87 FE
0x050: C3 00 00 00 00 C8 C8 80
0x060: 06 67 07 FF 00 00 0A 5A
0x070: 19 E7 D0 FE FE 3F FF 02
0x080: 22 03 5B 1B FF 7B CB 5B
0x090: 00 00 3F 53 00 00 4F FF
0x0B0: 00 03 FF 03 5B 26 36 00
0x0C0: 9D FB FF EE 00 00 1E 31
0x0D0: 6C 00 40 20 E0 00 4F AC
0x0E0: 13 01 C0 7F 9B FF 00 4C
0x100: 00 07 FE 03 FE 03 FE 00
0x140: 00 6D 83 00 00 7F 80 00
0x150: 00 00 1E 00 00 7C 00 7E
0x170: 00 00 00 00 00 00 20 00
0x1D0: 63 F7 00 10 80 00 80 00
0x1E0: 20 00 01 00 00 00 00 00
0x2B0: 00 08 86 00 27 00 08 40
0x318: 00 00 00 00 00 00 00 02
0x328: 00 02 00 00 7E 81 20 81
0x330: C1 80 87 80 10 2A 80 00
0x428: 00 00 00 00 AF 37 E8 A9
[2J[H======================================================================
Live CAN Monitor - 59 unique IDs (Ctrl+C to stop)
======================================================================
0x030: 3D 00 00 00 00 1F FE 44
0x050: C3 00 00 00 00 C8 C8 80
0x060: 06 67 07 FF 00 00 07 DB
0x070: 3E C7 D0 FE FE 3F FF 02
0x080: 3F 03 5B 1B FF 66 DB 5B
0x090: 00 00 3F 53 00 00 4F FF
0x0B0: 00 03 FF 03 5B A5 3F 00
0x0D0: 6C 00 40 20 E0 00 4F AC
0x100: 00 07 FE 03 FE 03 FE 00
0x140: 00 6D 83 00 00 7F 80 00
0x150: 00 00 1E 00 00 7C 00 7E
0x160: 96 B8 64 00 00 00 00 00
0x180: 00 00 80 6E 06 80 16 00
0x1B0: 03 5D 1E 00 80 BB 1E AD
0x220: 24 00 00 02 10 00 00 00
0x2A0: 80 81 40 00 1E 44 00 07
0x300: 01 6B 00 00 00 00 00 00
0x318: 00 00 00 00 00 00 00 02
0x330: C1 80 87 80 10 2A 80 00
0x338: 0D 70 77 00 00 04 00 00
0x428: 00 00 00 00 AF 37 E8 A9
0x462: 00 00 00 00 00 42 00 24
[2J[H======================================================================
Live CAN Monitor - 61 unique IDs (Ctrl+C to stop)
======================================================================
0x030: 2C 00 00 00 00 1F FE 50
0x040: 80 00 00 00 7F FE 87 FE
0x050: C3 00 00 00 00 C8 C8 80
0x060: 06 67 07 FF 00 00 07 DB
0x070: 3E C7 D0 FE FE 3F FF 02
0x080: 22 03 5B 1B FF 7B CB 5B
0x0B0: 00 03 FF 03 5B A5 3F 00
0x0C0: 92 5B FF AC 00 00 1E 31
0x0D0: 6C 00 40 20 E0 00 4F AC
0x100: 00 07 FE 03 FE 03 FE 00
0x140: 00 6D 83 00 00 7F 80 00
0x160: 96 B8 64 00 00 00 00 00
0x170: 00 00 00 00 00 00 20 00
0x180: 00 00 80 6E 06 80 16 00
0x1B0: 03 5D 1E 00 80 F5 1A AD
0x1E0: 20 00 01 00 00 00 00 00
0x220: 24 00 00 02 10 00 00 00
0x270: 00 27 E0 00 83 FE 03 00
0x2A0: 80 81 40 00 31 44 00 13
0x338: 0D 70 77 00 00 04 00 00
0x344: 18 80 00 00 01 DB 14 01
0x348: 00 00 00 00 00 00 00 08
0x462: 00 00 00 00 00 42 00 24
[2J[H======================================================================
Live CAN Monitor - 61 unique IDs (Ctrl+C to stop)
======================================================================
0x030: 3D 00 00 00 00 1F FE 44
0x040: 80 00 00 00 7F FE 87 FE
0x050: C3 00 00 00 00 C8 C8 80
0x060: 06 67 07 FF 00 00 00 88
0x070: 84 F7 D0 FE FE 3F FF 02
0x080: 22 03 5B 1B FF 7B CB 5B
0x090: 00 00 3F 53 00 00 4F FF
0x0A0: 3C 00 03 5C 03 5C 93 5C
0x0C0: 92 5B FF AC 00 00 1E 31
0x0D0: 6C 00 40 20 E0 00 4F AC
0x100: 00 07 FE 03 FE 03 FE 00
0x110: 00 81 F5 00 00 00 00 FF
0x140: 00 6D 83 00 00 7F 80 00
0x148: 00 00 0F 1C 00 00 08 00
0x170: 00 00 00 00 00 00 20 00
0x190: 00 04 00 00 00 00 02 02
0x1B0: 03 5D 1E 00 80 F5 1A AD
0x1E0: 20 00 01 00 00 00 00 00
0x1F0: 20 00 00 0F E2 00 00 40
0x200: 01 00 00 00 03 5E 0E 00
0x230: 60 00 7F CE 00 40 00 04
0x250: FC 00 42 66 40 C9 80 C0
0x270: 00 27 E0 00 83 FE 03 00
0x2A0: 80 81 40 00 31 44 00 13
0x300: 01 6B 00 00 00 00 00 00
0x344: 18 80 00 00 01 DB 14 01
0x348: 00 00 00 00 00 00 00 08
[2J[H======================================================================
Live CAN Monitor - 61 unique IDs (Ctrl+C to stop)
======================================================================
0x030: 01 00 00 00 00 1F FE 74
0x040: 80 00 00 00 7F FE 87 FE
0x050: C3 00 00 00 00 C8 C8 80
0x060: 06 67 07 FF 00 00 00 88
0x070: 3E C7 D0 FE FE 3F FF 02
0x080: 71 03 5B 1B FF 28 BB 5B
0x090: 00 00 3F 09 00 00 17 FF
0x0A0: 1B 00 03 5C 03 5C B3 5C
0x0B0: 00 03 FF 03 5B A9 37 00
0x110: 00 81 F5 00 00 00 00 FF
0x140: 00 6D 83 00 00 7F 80 00
0x148: 00 00 0F 1C 00 00 08 00
0x160: 93 D1 64 00 00 00 00 00
0x190: 00 04 00 00 00 00 02 02
0x1B0: 03 5D 1E 00 80 4F 19 AD
0x1D0: 2C FA 00 10 80 00 80 00
0x1F0: 20 00 00 03 7E 00 00 40
0x200: 01 00 00 00 03 5E 0E 00
0x230: 60 00 7F CE 00 40 00 04
0x250: FC 00 42 66 40 C9 80 C0
0x280: 00 00 03 FE 01 FE 13 FE
0x300: 01 6B 00 00 00 00 00 00
[2J[H======================================================================
Live CAN Monitor - 61 unique IDs (Ctrl+C to stop)
======================================================================
0x030: 29 00 00 00 00 1F FE 54
0x040: 80 00 00 00 7F FE 87 FE
0x050: C3 00 00 00 00 C8 C8 80
0x070: 3E C7 D0 FE FE 3F FF 02
0x080: 22 03 5B 1B FF 7B CB 5B
0x090: 00 00 3F 09 00 00 17 FF
0x0A0: EE 00 03 5C 03 5C 53 5C
0x0B0: 00 03 FF 03 5B A9 37 00
0x0C0: 1D 4B FF AC 00 00 1E 31
0x100: 00 07 FE 03 FE 03 FE 00
0x148: 00 00 0F 1C 00 00 08 00
0x160: 93 D1 64 00 00 00 00 00
0x190: 00 04 40 00 00 00 22 02
0x1B0: 03 5D 1E 00 80 01 1D AD
0x1D0: 2C FA 00 10 80 00 80 00
0x1F0: 20 00 00 03 7E 00 00 40
0x200: 01 00 00 00 03 5E 0E 00
0x230: 60 00 7F B3 00 40 00 04
0x280: 00 00 03 FE 01 FE 13 FE
0x344: 18 80 00 00 01 DB 14 01
[2J[H======================================================================
Live CAN Monitor - 63 unique IDs (Ctrl+C to stop)
======================================================================
0x030: 3D 00 00 00 00 1F FE 44
0x040: 80 00 00 00 7F FE 87 FE
0x050: C3 00 00 00 00 C8 C8 80
0x080: CA 03 5B 1B FF 93 4B 5B
0x090: 00 00 3F 66 00 00 0F FF
0x0A0: 3C 00 03 5C 03 5C 93 5C
0x0C0: 17 8B FF AC 00 00 1E 31
0x100: 00 07 FE 03 FE 03 FE 00
0x148: 00 00 0F 1C 00 00 08 00
0x150: 00 00 12 00 00 74 00 7E
0x190: 00 04 40 00 00 00 22 02
0x1B0: 03 5D 1E 00 80 01 1D AD
0x1C0: F0 00 00 D0 06 05 6E 05
0x200: 01 00 00 00 03 5E 0E 00
0x230: 60 00 7F C0 00 40 00 04
0x250: FC 00 42 66 40 C9 80 C0
0x280: 00 00 03 FE 01 FE 13 FE
0x344: 18 80 00 00 01 DB 14 01
0x400: 4D 81 01 00 00 00 00 00
0x448: 03 5E 0E 40 10 60 00 C0
0x501: 10 02 00 01 01 00 00 00
[2J[H======================================================================
Live CAN Monitor - 63 unique IDs (Ctrl+C to stop)
======================================================================
0x030: 37 00 00 00 00 1F FE 4C
0x040: 80 00 00 00 7F FE 87 FE
0x050: C3 00 00 00 00 C8 C8 80
0x060: 06 67 07 FF 00 00 09 7D
0x080: ED 03 5B 1B FF B4 7B 5B
0x090: 00 00 3F 9D 00 00 37 FF
0x0A0: 3C 00 03 5C 03 5C 93 5C
0x0B0: 00 03 FF 03 5B A0 39 00
0x0C0: 9E DB FF AC 00 00 1E 31
0x0D0: 6C 00 40 20 E0 00 57 8C
0x150: 00 00 24 00 00 50 00 7E
0x154: 07 BD 07 D0 07 B3 07 D0
0x190: 00 04 00 00 00 00 02 02
0x1C0: F0 00 00 D0 06 05 6E 05
0x230: 60 00 7F C0 00 40 00 04
0x238: 00 00 00 00 00 85 0D 00
0x250: FC 00 42 66 40 C9 80 C0
0x280: 00 00 03 FE 01 FE 13 FE
0x315: 00 00 00 00 00 00 00 00
0x320: 38 80 00 00 00 03 00 00
0x360: 35 00 00 00 10 00 00 04
0x400: 4D 81 01 00 00 00 00 00
0x448: 03 5E 0E 40 10 60 00 C0
0x501: 10 02 00 01 01 00 00 00
[2J[H======================================================================
Live CAN Monitor - 65 unique IDs (Ctrl+C to stop)
======================================================================
0x030: 37 00 00 00 00 1F FE 4C
0x040: 80 00 00 00 7F FE 87 FE
0x060: 06 67 07 FF 00 00 09 7D
0x080: ED 03 5B 1B FF B4 7B 5B
0x090: 00 00 3F 2C 00 00 1F FF
0x0A0: A1 00 03 5C 03 5C 83 5C
0x0B0: 00 03 FF 03 5B 2A 3E 00
0x0C0: 9E DB FF AC 00 00 1E 31
0x0D0: 6C 00 40 20 E0 00 6B DC
0x148: 00 00 0F 1C 00 00 08 00
0x150: 00 00 24 00 00 50 00 7E
0x154: 07 BD 07 D0 07 B3 07 D0
0x190: 00 04 00 00 00 00 02 02
0x1B0: 03 5D 1E 00 80 4E 10 AD
0x1C0: F0 00 00 EA 06 25 6E 05
0x1D0: 0A F1 00 10 80 00 80 00
0x230: 60 00 7F BD 80 40 00 04
0x238: 00 00 00 00 00 85 0D 00
0x250: FC 00 42 66 40 C9 80 C0
0x290: 90 01 00 00 00 00 00 00
0x2F0: E0 7F 00 00 00 03 FE 00
0x315: 00 00 00 00 00 00 00 00
0x320: 38 80 00 00 00 03 00 00
0x360: 35 00 00 00 10 00 00 04
0x370: 20 00 00 BF FF 7A 00 C0
[2J[H======================================================================
Live CAN Monitor - 65 unique IDs (Ctrl+C to stop)
======================================================================
0x040: 80 00 00 00 7F FE 87 FE
0x050: C3 00 00 00 00 C8 C8 80
0x060: 06 67 07 FF 00 00 0C 14
0x080: 05 03 5B 1B FF 5C FB 5B
0x090: 00 00 3F 2C 00 00 1F FF
0x0A0: A1 00 03 5C 03 5C 83 5C
0x0B0: 00 03 FF 03 5B 2A 3E 00
0x0D0: 6C 00 40 20 E0 00 57 8C
0x148: 00 00 0F 1C 00 00 08 00
0x160: 9E 50 64 00 00 00 00 00
0x170: 00 00 00 00 00 00 20 00
0x1B0: 03 5D 1E 00 80 4E 10 AD
0x1C0: F0 00 00 EA 06 25 6E 05
0x1D0: B1 FB 00 10 80 00 80 00
0x200: 01 00 00 00 03 5E 0E 00
0x230: 60 00 7F BD 80 40 00 04
0x250: FC 00 42 66 40 C9 80 C0
0x290: 90 01 00 00 00 00 00 00
0x2F0: E0 7F 00 00 00 03 FE 00
0x338: 0D 30 BA 00 00 04 00 00
0x370: 20 00 00 BF FF 7A 00 C0
[2J[H======================================================================
Live CAN Monitor - 65 unique IDs (Ctrl+C to stop)
======================================================================
0x030: 2C 00 00 00 00 1F FE 50
0x040: 80 00 00 00 7F FE 87 FE
0x050: C3 00 00 00 00 C8 C8 80
0x060: 06 67 07 FF 00 00 09 7D
0x080: ED 03 5B 1B FF B4 7B 5B
0x0C0: 1D 4B FF EE 00 00 1E 31
0x0D0: 6C 00 40 20 E0 00 57 8C
0x0E0: 13 01 C0 62 9B FF 00 50
0x100: 00 07 FE 03 FE 03 FE 00
0x150: 00 00 24 00 00 50 00 7E
0x160: 99 03 64 00 00 00 00 00
0x170: 00 00 00 00 00 00 20 00
0x1D0: B1 FB 00 10 80 00 80 00
0x1F0: 20 00 00 06 17 00 00 40
0x200: 01 00 00 00 03 5E 0E 00
0x250: FC 00 42 66 40 C9 80 C0
0x2A0: 80 81 40 00 44 44 00 03
0x318: 00 00 00 00 00 00 00 02
0x338: 0D 60 03 00 00 04 00 00
[2J[H======================================================================
Live CAN Monitor - 67 unique IDs (Ctrl+C to stop)
======================================================================
0x030: 26 00 00 00 00 1F FE 58
0x040: 80 00 00 00 7F FE 87 FE
0x050: C3 00 00 00 00 C8 C8 80
0x060: 06 67 07 FF 00 00 09 7D
0x080: ED 03 5B 1B FF B4 7B 5B
0x0A0: EE 00 03 5C 03 5C 53 5C
0x0C0: 1D 4B FF EE 00 00 1E 31
0x0D0: 6C 00 40 20 E0 00 61 C4
0x0E0: 13 01 C0 62 9B FF 00 50
0x100: 00 07 FE 03 FE 03 FE 00
0x130: 02 00 50 03 04 00 00 00
0x148: 00 00 0F 1C 00 00 08 00
0x150: 00 00 24 00 00 50 00 7E
0x160: 99 03 64 00 00 00 00 00
0x190: 00 04 00 00 00 00 00 02
0x1E0: 20 00 01 00 00 00 00 00
0x1F0: 20 00 00 02 63 00 00 40
0x260: 00 22 00 0F FF 78 00 FF
0x290: 90 01 00 00 00 00 00 00
0x2A0: 80 81 40 00 44 44 00 03
0x318: 00 00 00 00 00 00 00 02
0x330: C1 80 87 80 10 2A 80 00
0x338: 0D 60 03 00 00 04 00 00
0x344: 18 80 00 00 01 DB 14 01
0x350: 00 00 07 3C 00 00 10 06
0x400: 6B 00 00 00 00 00 00 00
[2J[H======================================================================
Live CAN Monitor - 68 unique IDs (Ctrl+C to stop)
======================================================================
0x030: 10 00 00 00 00 1F FE 60
0x040: 80 00 00 00 7F FE 87 FE
0x050: C3 00 00 00 00 C8 C8 80
0x060: 06 67 07 FF 00 00 07 DB
0x070: 3E C7 D0 FE FE 3F FF 02
0x080: 3F 03 5B 1B FF 66 DB 5B
0x0A0: C8 00 03 5C 03 5C E3 5C
0x0D0: 6C 00 40 20 E0 00 61 C4
0x100: 00 07 FE 03 FE 03 FE 00
0x130: 02 00 50 03 04 00 00 00
0x148: 00 00 00 FE 00 00 08 00
0x190: 00 04 00 00 00 00 00 02
0x1E0: 20 00 01 00 00 00 00 00
0x1F0: 20 00 00 02 63 00 00 40
0x200: 01 00 00 00 03 5E 0E 00
0x230: 60 00 7F BD 00 40 00 04
0x260: 00 22 00 0F FF 78 00 FF
0x290: 90 01 00 00 00 00 00 00
0x330: C1 80 87 80 10 2A 80 00
0x344: 18 80 00 00 01 DB 14 01
0x350: 00 00 07 3C 00 00 10 06
0x400: 6D 00 00 00 00 00 00 00
0x51E: 01 02 07 00 00 00 00 00
[2J[H======================================================================
Live CAN Monitor - 68 unique IDs (Ctrl+C to stop)
======================================================================
0x030: 0E 00 00 00 00 1F FE 78
0x040: 80 00 00 00 7F FE 87 FE
0x050: C3 00 00 00 00 C8 C8 80
0x060: 06 67 07 FF 00 00 03 AF
0x070: A3 D7 D0 FE FE 3F FF 02
0x080: 22 03 5B 1B FF 7B CB 5B
0x0A0: C8 00 03 5C 03 5C E3 5C
0x0B0: 00 03 FF 03 5B A9 37 00
0x0C0: 14 AB FF AC 00 00 1E 31
0x100: 00 07 FE 03 FE 03 FE 00
0x130: 02 00 50 03 04 00 00 00
0x148: 00 00 00 FE 00 00 08 00
0x180: 00 00 80 6D 06 80 16 00
0x190: 00 04 00 00 00 00 00 02
0x1B0: 03 5D 1E 00 80 9C 1C AD
0x1D0: B1 FB 00 10 80 00 80 00
0x1F0: 20 00 00 0E FF 00 00 40
0x200: 01 00 00 00 03 5E 0E 00
0x230: 60 00 7F BD 00 40 00 04
0x238: 00 00 00 00 00 47 07 00
0x260: 00 22 00 0F FF 78 00 FF
0x2B0: 00 60 86 00 27 00 08 50
0x400: 6D 00 00 00 00 00 00 00
0x51E: 01 02 07 00 00 00 00 00
[2J[H======================================================================
Live CAN Monitor - 73 unique IDs (Ctrl+C to stop)
======================================================================
0x030: 1F 00 00 00 00 1F FE 6C
0x040: 80 00 00 00 7F FE 87 FE
0x060: 06 67 07 FF 00 00 00 88
0x070: A3 D7 D0 FE FE 3F FF 02
0x080: 84 03 5B 1B FF DD 2B 5B
0x090: 00 00 3F 53 00 00 4F FF
0x0A0: 54 00 03 5C 03 5C 63 5C
0x0B0: 00 03 FF 03 5B 2A 3E 00
0x0C0: 14 AB FF AC 00 00 1E 31
0x0E0: 13 01 C0 AD 9B FF 00 EC
0x130: 02 00 50 03 04 00 00 00
0x170: 00 00 00 00 00 00 20 00
0x180: 00 00 80 6D 06 80 16 00
0x1B0: 03 5D 1E 00 80 9C 1C AD
0x1D0: B1 FB 00 10 80 00 80 00
0x1F0: 20 00 00 0F E2 00 00 40
0x238: 00 00 00 00 00 47 07 00
0x2B0: 00 60 86 00 27 00 08 50
0x340: 00 D0 00 D2 00 AE 00 C0
0x348: 00 00 00 00 00 00 00 08
0x368: 60 00 FF 82 B0 80 00 B0
0x405: 10 00 00 00 00 53 41 4A
0x418: 02 00 00 A7 5E 53 A0 90
0x438: 31 00 00 00 7A 0C 7B F4
[2J[H======================================================================
Live CAN Monitor - 73 unique IDs (Ctrl+C to stop)
======================================================================
0x030: 3D 00 00 00 00 1F FE 44
0x060: 06 67 07 FF 00 00 07 DB
0x070: A2 47 D0 FE FE 3F FF 02
0x080: 71 03 5B 1B FF 28 BB 5B
0x090: 00 00 3F 53 00 00 4F FF
0x0A0: 54 00 03 5C 03 5C 63 5C
0x0C0: 97 3B FF EE 00 00 1E 31
0x0E0: 13 01 C0 97 9B FF 00 CC
0x100: 00 07 FE 03 FE 03 FE 00
0x130: 02 00 50 03 04 00 00 00
0x140: 00 6D 83 00 00 7F 80 00
0x150: 00 00 00 00 00 68 00 7E
0x160: 96 B8 64 00 00 00 00 00
0x170: 00 00 00 00 00 00 20 00
0x1B0: 03 5D 1E 00 80 D2 18 AD
0x1E0: 20 00 01 00 00 00 00 00
0x1F0: 20 00 00 0F E2 00 00 40
0x200: 01 00 00 00 03 5E 0E 00
0x280: 00 00 03 FE 01 FE 13 FE
0x300: 01 6B 00 00 00 00 00 00
0x315: 00 00 00 00 00 00 00 00
0x340: 00 D0 00 D2 00 AE 00 C0
0x348: 00 00 00 00 00 00 00 08
0x368: 60 00 FF 82 B0 80 00 B0
0x405: 10 00 00 00 00 53 41 4A
0x418: 02 00 00 A7 5E 53 A0 90
0x438: 31 00 00 00 7A 0C 7B F4
[2J[H======================================================================
Live CAN Monitor - 73 unique IDs (Ctrl+C to stop)
======================================================================
0x030: 10 00 00 00 00 1F FE 60
0x050: C3 00 00 00 00 C8 C8 80
0x060: 06 67 07 FF 00 00 07 DB
0x070: A2 47 D0 FE FE 3F FF 02
0x080: 56 03 5B 1B FF 0F 8B 5B
0x0B0: 00 03 FF 03 5B 29 3C 00
0x0C0: 1E 6B FF AC 00 00 1E 31
0x0E0: 13 01 C0 97 9B FF 00 CC
0x100: 00 07 FE 03 FE 03 FE 00
0x140: 00 6D 83 00 00 7F 80 00
0x150: 00 00 0A 00 00 64 00 7E
0x160: 96 B8 64 00 00 00 00 00
0x180: 00 00 80 6E 06 80 16 00
0x1E0: 20 00 01 00 00 00 00 00
0x1F0: 20 00 00 0B 96 00 00 40
0x200: 01 00 00 00 03 5E 0E 00
0x280: 00 00 03 FE 01 FE 13 FE
0x2A0: 80 81 40 00 31 44 00 13
0x300: 01 6B 00 00 00 00 00 00
0x315: 00 00 00 00 00 00 00 00
0x360: 35 00 00 00 10 00 00 04
0x501: 10 02 00 01 01 00 00 00
[2J[H======================================================================
Live CAN Monitor - 73 unique IDs (Ctrl+C to stop)
======================================================================
0x030: 1F 00 00 00 00 1F FE 6C
0x040: 80 00 00 00 7F FE 87 FE
0x050: C3 00 00 00 00 C8 C8 80
0x080: BE 03 5B 1B FF E7 0B 5B
0x090: 00 00 3F F2 00 00 2F FF
0x0B0: 00 03 FF 03 5B 29 3C 00
0x0C0: 1E 6B FF AC 00 00 1E 31
0x100: 00 07 FE 03 FE 03 FE 00
0x110: 00 81 F4 00 00 00 00 FF
0x140: 00 6D 83 00 00 7F 80 00
0x150: 00 00 0A 00 00 64 00 7E
0x160: 98 1E 64 00 00 00 00 00
0x180: 00 00 80 6E 06 80 16 00
0x190: 00 04 00 00 00 00 00 02
0x1C0: F0 00 00 51 06 D5 6E 05
0x1D0: 2D F3 00 10 80 00 80 00
0x1E0: 20 00 01 00 00 00 00 00
0x1F0: 20 00 00 0B 96 00 00 40
0x200: 01 00 00 00 03 5E 0E 00
0x2A0: 80 81 40 00 31 44 00 13
0x2D0: 00 00 00 00 00 00 00 00
0x360: 35 00 00 00 10 00 00 04
0x448: 03 5E 0E 40 10 60 00 C0
0x501: 10 02 00 01 01 00 00 00
[2J[H======================================================================
Live CAN Monitor - 73 unique IDs (Ctrl+C to stop)
======================================================================
0x030: 01 00 00 00 00 1F FE 74
0x040: 80 00 00 00 7F FE 87 FE
0x050: C3 00 00 00 00 C8 C8 80
0x070: 70 87 D0 FE FE 3F FF 02
0x080: BE 03 5B 1B FF E7 0B 5B
0x090: 00 00 3F F2 00 00 2F FF
0x0A0: A1 00 03 5C 03 5C 83 5C
0x0B0: 00 03 FF 03 5B A6 3D 00
0x0E0: 13 01 C0 0B 9B FF 00 04
0x100: 00 07 FE 03 FE 03 FE 00
0x110: 00 81 F4 00 00 00 00 FF
0x140: 00 6D 83 00 00 7F 80 00
0x160: 99 03 64 00 00 00 00 00
0x190: 00 04 00 00 00 00 00 02
0x1C0: F0 00 00 51 06 D5 6E 05
0x1D0: 0A F1 00 10 80 00 80 00
0x200: 01 00 00 00 03 5E 0E 00
0x2D0: 00 00 00 00 00 00 00 00
0x308: 61 00 00 00 00 02 03 84
0x310: 00 00 00 00 00 00 00 00
0x320: 38 A0 00 00 00 03 00 00
0x400: 1A 05 03 00 00 00 02 00
0x448: 03 5E 0E 40 10 60 00 C0
[2J[H======================================================================
Live CAN Monitor - 74 unique IDs (Ctrl+C to stop)
======================================================================
0x030: 0B 00 00 00 00 1F FE 7C
0x050: C3 00 00 00 00 C8 C8 80
0x070: 70 87 D0 FE FE 3F FF 02
0x080: 18 03 5B 1B FF 41 EB 5B
0x090: 00 00 3F 8D 00 00 7F FF
0x0A0: 55 00 03 5C 03 5C F3 5C
0x0B0: 00 03 FF 03 5B 29 3C 00
0x0C0: 92 5B FF AC 00 00 1E 31
0x0E0: 13 01 C0 0B 9B FF 00 04
0x100: 00 07 FE 03 FE 03 FE 00
0x148: 00 00 0F 1C 00 00 08 00
0x160: 9A 24 64 00 00 00 00 00
0x190: 00 04 00 00 00 00 00 02
0x1D0: 0A F1 00 10 80 00 80 00
0x1E0: 20 00 01 00 00 00 00 00
0x1F0: 20 00 00 01 44 00 00 40
0x200: 01 00 00 00 03 5E 0E 00
0x2D0: 00 00 00 00 00 00 00 00
0x308: 61 00 00 00 00 02 03 84
0x310: 00 00 00 00 00 00 00 00
0x320: 38 A0 00 00 00 03 00 00
0x420: 01 00 00 00 00 00 00 54
[2J[H======================================================================
Live CAN Monitor - 74 unique IDs (Ctrl+C to stop)
======================================================================
0x030: 04 00 00 00 00 1F FE 70
0x040: 80 00 00 00 7F FE 87 FE
0x050: C3 00 00 00 00 C8 C8 80
0x060: 06 67 07 FF 00 00 01 95
0x080: 18 03 5B 1B FF 41 EB 5B
0x090: 00 00 3F 8D 00 00 7F FF
0x0A0: 1B 00 03 5C 03 5C B3 5C
0x0B0: 00 03 FF 03 5B 29 3C 00
0x0C0: 92 5B FF AC 00 00 1E 31
0x148: 00 00 0F 1C 00 00 08 00
0x150: 00 00 12 00 00 74 00 7E
0x160: 9A 24 64 00 00 00 00 00
0x180: 00 00 80 6E 06 80 16 00
0x1B0: 03 5D 1E 00 80 68 1B AD
0x1E0: 20 00 01 00 00 00 00 00
0x1F0: 20 00 00 01 44 00 00 40
0x200: 01 00 00 00 03 5E 0E 00
0x238: 00 00 00 00 00 1D 0F 00
0x250: FC 00 42 66 40 C9 80 C0
0x260: 00 22 00 0F FF 78 00 FF
0x2D0: 00 00 00 00 00 00 00 00
0x344: 18 80 00 00 01 DB 14 01
0x428: 00 00 00 00 AF 37 E9 73
[2J[H======================================================================
Live CAN Monitor - 75 unique IDs (Ctrl+C to stop)
======================================================================
0x030: 3D 00 00 00 00 1F FE 44
0x040: 80 00 00 00 7F FE 87 FE
0x060: 06 67 07 FF 00 00 0D 09
0x070: 70 87 D0 FE FE 3F FF 02
0x090: 00 00 3F B8 00 00 3F FF
0x0A0: 3D 00 03 5C 03 5C 03 5C
0x0C0: 91 7B FF EE 00 00 1E 31
0x0E0: 13 01 C0 16 9B FF 00 1A
0x150: 00 00 12 00 00 74 00 7E
0x180: 00 00 80 6E 06 80 16 00
0x190: 00 04 40 00 00 00 22 02
0x1B0: 03 5D 1E 00 80 4F 19 AD
0x1D0: 2C FA 00 10 80 00 80 00
0x200: 01 00 00 00 03 5E 0E 00
0x238: 00 00 00 00 00 1D 0F 00
0x250: FC 00 42 66 40 C9 80 C0
0x260: 00 22 00 0F FF 78 00 FF
0x338: 0D 80 A1 00 00 04 00 00
0x414: 00 00 00 00 00 7F 10 F2
0x428: 00 00 00 00 AF 37 E9 73
[2J[H======================================================================
Live CAN Monitor - 76 unique IDs (Ctrl+C to stop)
======================================================================
0x030: 15 00 00 00 00 1F FE 64
0x040: 80 00 00 00 7F FE 87 FE
0x050: C3 00 00 00 00 C8 C8 80
0x060: 06 67 07 FF 00 00 00 88
0x070: 70 87 D0 FE FE 3F FF 02
0x080: 84 03 5B 1B FF DD 2B 5B
0x090: 00 00 3F B8 00 00 3F FF
0x0A0: 55 00 03 5C 03 5C F3 5C
0x0B0: 00 03 FF 03 5B 29 3C 00
0x0C0: 91 7B FF EE 00 00 1E 31
0x0E0: 13 01 C0 16 9B FF 00 1A
0x110: 00 81 F5 00 00 00 00 FF
0x180: 00 00 80 6E 06 80 16 00
0x190: 00 04 00 00 00 00 00 02
0x1B0: 03 5D 1E 00 80 4F 19 AD
0x1D0: 2C FA 00 10 80 00 80 00
0x200: 01 00 00 00 03 5E 0E 00
0x250: FC 00 42 67 40 C9 80 C0
0x315: 00 00 00 00 00 00 00 00
0x338: 0D 80 A1 00 00 04 00 00
0x344: 18 80 00 00 01 DB 14 01
0x41C: 00 00 1A 02 03 0D 0E 2E
[2J[H======================================================================
Live CAN Monitor - 76 unique IDs (Ctrl+C to stop)
======================================================================
0x030: 29 00 00 00 00 1F FE 54
0x040: 80 00 00 00 7F FE 87 FE
0x050: C3 00 00 00 00 C8 C8 80
0x060: 06 67 07 FF 00 00 0C 14
0x070: 70 87 D0 FE FE 3F FF 02
0x080: 71 03 5B 1B FF 28 BB 5B
0x090: 00 00 3F 3C 00 00 57 FF
0x0A0: 55 00 03 5C 03 5C F3 5C
0x0B0: 00 03 FF 03 5B 29 3C 00
0x0C0: 9B BB FF AC 00 00 1E 31
0x110: 00 81 F5 00 00 00 00 FF
0x140: 00 6D 83 00 00 7F 80 00
0x148: 00 00 0A 42 00 00 08 00
0x180: 00 00 80 6E 06 80 16 00
0x190: 00 04 00 00 00 00 02 02
0x1C0: F0 00 00 51 06 D5 6E 05
0x238: 00 00 00 00 00 E4 08 00
0x250: FC 00 42 67 40 C9 80 C0
0x2A0: 80 81 40 00 6B 44 00 17
0x315: 00 00 00 00 00 00 00 00
0x344: 18 80 00 00 01 DB 14 01
0x358: 00 00 00 00 00 00 00 48
0x41C: 00 00 1A 02 03 0D 0E 2E
[2J[H======================================================================
Live CAN Monitor - 76 unique IDs (Ctrl+C to stop)
======================================================================
0x030: 23 00 00 00 00 1F FE 5C
0x040: 80 00 00 00 7F FE 87 FE
0x050: C3 00 00 00 00 C8 C8 80
0x060: 06 67 07 FF 00 00 0E 2E
0x070: 70 87 D0 FE FE 3F FF 02
0x080: 6C 03 5B 1B FF 35 AB 5B
0x090: 00 00 3F 3C 00 00 57 FF
0x0C0: 12 EB FF AC 00 00 1E 31
0x130: 02 00 50 14 04 00 00 00
0x140: 00 6D 83 00 00 7F 80 00
0x148: 00 00 0A 42 00 00 08 00
0x160: 99 03 64 00 00 00 00 00
0x180: 00 00 80 6E 06 80 16 00
0x190: 00 04 00 00 00 00 00 02
0x1C0: F0 00 00 51 06 D5 6E 05
0x1F0: 20 00 00 0E FF 00 00 40
0x238: 00 00 00 00 00 E4 08 00
0x2A0: 80 81 40 00 6B 44 00 17
0x358: 00 00 00 00 00 00 00 48
[2J[H======================================================================
Live CAN Monitor - 77 unique IDs (Ctrl+C to stop)
======================================================================
0x030: 15 00 00 00 00 1F FE 64
0x040: 80 00 00 00 7F FE 87 FE
0x050: C3 00 00 00 00 C8 C8 80
0x060: 06 67 07 FF 00 00 0F 33
0x080: 6C 03 5B 1B FF 35 AB 5B
0x090: 00 00 3F C7 00 00 6F FF
0x0A0: 87 00 03 5C 03 5C 33 5C
0x0C0: 12 EB FF AC 00 00 1E 31
0x110: 00 81 F5 00 00 00 00 FF
0x130: 02 00 50 14 04 00 00 00
0x140: 00 6D 83 00 00 7F 80 00
0x160: 99 03 64 00 00 00 00 00
0x180: 00 00 80 6E 06 80 16 00
0x190: 00 04 00 00 00 00 00 02
0x1D0: FE F6 00 10 80 00 80 00
0x1F0: 20 00 00 0E FF 00 00 40
0x220: 24 00 00 02 10 00 00 00
0x250: FC 00 42 67 40 C9 80 C0
0x290: 90 01 00 00 00 00 00 00
0x2E8: 00 00 00 00 7E 02 00 00
0x34C: 11 F1 FE F3 E8 CF FF FF
0x41C: 00 00 1A 02 03 0D 0E 31
0x428: 00 00 00 00 AF 37 E9 AC
[2J[H======================================================================
Live CAN Monitor - 77 unique IDs (Ctrl+C to stop)
======================================================================
0x030: 32 00 00 00 00 1F FE 48
0x040: 80 00 00 00 7F FE 87 FE
0x050: C3 00 00 00 00 C8 C8 80
0x060: 06 67 07 FF 00 00 0F 33
0x070: 3E C7 D0 FE FE 3F FF 02
0x090: 00 00 3F 09 00 00 17 FF
0x0A0: A1 00 03 5C 03 5C 83 5C
0x0E0: 13 01 C0 7F 9B FF 00 46
0x110: 00 81 F5 00 00 00 00 FF
0x130: 02 00 50 14 04 00 00 00
0x140: 00 6D 83 00 00 7F 80 00
0x180: 00 00 80 6E 06 80 16 00
0x190: 00 04 00 00 00 00 00 02
0x1D0: 63 F7 00 10 80 00 80 00
0x250: FC 00 42 67 40 C9 80 C0
0x290: 90 01 00 00 00 00 00 00
0x2E8: 00 00 00 00 7E 02 00 00
0x310: 00 80 00 00 00 00 00 00
0x34C: 11 F1 FE F3 E8 CF FF FF
0x41C: 00 00 1A 02 03 0D 0E 31
0x428: 00 00 00 00 AF 37 E9 AC
[2J[H======================================================================
Live CAN Monitor - 77 unique IDs (Ctrl+C to stop)
======================================================================
0x030: 32 00 00 00 00 1F FE 48
0x040: 80 00 00 00 7F FE 87 FE
0x050: C3 00 00 00 00 C8 C8 80
0x060: 06 67 07 FF 00 00 0F 33
0x070: 3E C7 D0 FE FE 3F FF 02
0x080: 6C 03 5B 1B FF 35 AB 5B
0x090: 00 00 3F 19 00 00 5F FF
0x0A0: EF 00 03 5C 03 5C C3 5C
0x0C0: 9E DB FF AC 00 00 1E 31
0x0E0: 13 01 C0 7F 9B FF 00 46
0x110: 00 81 F4 00 00 00 00 FF
0x130: 02 00 50 14 04 00 00 00
0x140: 00 6E 83 00 00 7F 80 00
0x180: 00 00 80 6E 06 80 16 00
0x190: 00 04 00 00 00 00 00 02
0x1D0: 63 F7 00 10 80 00 80 00
0x1F0: 20 00 00 01 44 00 00 40
0x250: FC 00 42 67 40 C9 80 C0
0x2A0: 80 81 40 00 33 44 00 05
0x310: 00 80 00 00 00 00 00 00
0x358: 00 00 00 00 00 00 00 48
[2J[H======================================================================
Live CAN Monitor - 78 unique IDs (Ctrl+C to stop)
======================================================================
0x030: 3D 00 00 00 00 1F FE 44
0x040: 80 00 00 00 7F FE 87 FE
0x050: C3 00 00 00 00 C8 C8 80
0x060: 06 67 07 FF 00 00 0F 33
0x070: 84 F7 D0 FE FE 3F FF 02
0x080: 84 03 5B 1B FF DD 2B 5B
0x090: 00 00 3F 19 00 00 5F FF
0x0A0: EF 00 03 5C 03 5C C3 5C
0x0C0: 14 AB FF AC 00 00 1E 31
0x100: 00 07 FE 03 FE 03 FE 00
0x110: 00 81 F4 00 00 00 00 FF
0x130: 02 00 50 14 04 00 00 00
0x140: 00 6D 83 00 00 7F 80 00
0x180: 00 00 80 6E 06 80 16 00
0x1C0: F0 00 00 6B 06 F5 6E 05
0x1F0: 20 00 00 01 44 00 00 40
0x200: 01 00 00 00 03 5E 0E 00
0x238: 00 00 00 00 00 DF 05 00
0x290: 90 01 00 00 00 00 00 00
0x2A0: 80 81 40 00 33 44 00 05
0x2B0: 00 50 86 00 27 00 08 40
0x34C: 06 F1 FE F3 E8 CF FF FF
0x358: 00 00 00 00 00 00 00 48
0x408: 00 00 00 00 B0 04 B0 81
0x448: 03 5E 0E 40 10 60 00 C0
[2J[H======================================================================
Live CAN Monitor - 78 unique IDs (Ctrl+C to stop)
======================================================================
0x030: 3D 00 00 00 00 1F FE 44
0x040: 80 00 00 00 7F FE 87 FE
0x060: 06 67 07 FF 00 00 03 AF
0x070: 3E C7 D0 FE FE 3F FF 02
0x080: 99 03 5B 1B FF C0 3B 5B
0x0A0: A1 00 03 5C 03 5C 83 5C
0x0C0: 98 9B FF AC 00 00 1E 31
0x0E0: 13 01 C0 7F 9B FF 00 4A
0x100: 00 07 FE 03 FE 03 FE 00
0x130: 02 00 50 14 04 00 00 00
0x140: 00 6D 83 00 00 7F 80 00
0x148: 00 00 0E A8 00 00 08 00
0x1C0: F0 00 00 6B 06 F5 6E 05
0x1D0: 96 F9 00 10 80 00 80 00
0x1E0: 20 00 01 00 00 00 00 00
0x200: 01 00 00 00 03 5E 0E 00
0x238: 00 00 00 00 00 DF 05 00
0x290: 90 01 00 00 00 00 00 00
0x2B0: 00 50 86 00 27 00 08 40
0x34C: 06 F1 FE F3 E8 CF FF FF
0x408: 00 00 00 00 B0 04 B0 81
0x448: 03 5E 0E 40 10 60 00 C0
[2J[H======================================================================
Live CAN Monitor - 78 unique IDs (Ctrl+C to stop)
======================================================================
0x030: 29 00 00 00 00 1F FE 54
0x040: 80 00 00 00 7F FE 87 FE
0x050: C3 00 00 00 00 C8 C8 80
0x060: 06 67 07 FF 00 00 03 AF
0x070: 3E C7 D0 FE FE 3F FF 02
0x080: 99 03 5B 1B FF C0 3B 5B
0x090: 00 00 3F D7 00 00 27 FF
0x0A0: 1A 00 03 5C 03 5C 23 5C
0x0B0: 00 03 FF 03 5B 2A 3E 00
0x0C0: 98 9B FF AC 00 00 1E 31
0x0E0: 13 01 C0 7F 9B FF 00 4A
0x130: 02 00 50 14 04 00 00 00
0x140: 00 6D 83 00 00 7F 80 00
0x148: 00 00 0E A8 00 00 08 00
0x160: 9D 77 64 00 00 00 00 00
0x190: 00 04 00 00 00 00 00 02
0x1C0: F0 00 00 CD 06 15 6E 05
0x1D0: 96 F9 00 10 80 00 80 00
0x1F0: 20 00 00 04 2D 00 00 40
0x200: 01 00 00 00 03 5E 0E 00
0x250: FC 00 42 66 40 C9 80 C0
0x2A0: 80 81 40 00 31 44 00 13
0x2C0: 30 00 7D D0 81 40 9A 80
0x308: 61 00 00 00 00 02 03 84
[2J[H======================================================================
Live CAN Monitor - 78 unique IDs (Ctrl+C to stop)
======================================================================
0x030: 26 00 00 00 00 1F FE 58
0x040: 80 00 00 00 7F FE 87 FE
0x050: C3 00 00 00 00 C8 C8 80
0x060: 06 67 07 FF 00 00 07 DB
0x080: 71 03 5B 1B FF 28 BB 5B
0x090: 00 00 3F D7 00 00 27 FF
0x0A0: 1A 00 03 5C 03 5C 23 5C
0x0B0: 00 03 FF 03 5B 2A 3E 00
0x0C0: 18 2B FF AC 00 00 1E 31
0x100: 00 07 FE 03 FE 03 FE 00
0x130: 02 00 50 14 04 00 00 00
0x140: 00 6D 83 00 00 7F 80 00
0x160: 9D 77 64 00 00 00 00 00
0x170: 00 00 00 00 00 00 20 00
0x190: 00 04 00 00 00 00 00 02
0x1F0: 20 00 00 02 63 00 00 40
0x200: 01 00 00 00 03 5E 0E 00
0x250: FC 00 42 66 40 C9 80 C0
0x260: 00 22 00 0F FF 78 00 FF
0x2A0: 80 81 40 00 31 44 00 13
0x2B0: 80 68 86 04 27 00 08 50
0x2C0: 30 00 7D D0 81 40 9A 80
0x308: 61 00 00 00 00 02 03 84
0x344: 18 80 00 00 01 DB 14 01
0x370: 20 00 00 BF FF 7A 00 C0
0x501: 10 02 00 01 01 00 00 00
[2J[H======================================================================
Live CAN Monitor - 78 unique IDs (Ctrl+C to stop)
======================================================================
0x030: 01 00 00 00 00 1F FE 74
0x040: 80 00 00 00 7F FE 87 FE
0x050: C3 00 00 00 00 C8 C8 80
0x060: 06 67 07 FF 00 00 07 DB
0x070: 3E C7 D0 FE FE 3F FF 02
0x080: 99 03 5B 1B FF C0 3B 5B
0x0C0: 18 2B FF AC 00 00 1E 31
0x100: 00 07 FE 03 FE 03 FE 00
0x130: 02 00 50 14 04 00 00 00
0x150: 00 00 18 00 00 78 00 7E
0x154: 27 D0 07 C7 07 D0 07 D0
0x160: 99 03 64 00 00 00 00 00
0x170: 00 00 00 00 00 00 20 00
0x1D0: 0A F1 00 10 80 00 80 00
0x1E0: 20 00 01 00 00 00 00 00
0x1F0: 20 00 00 01 44 00 00 40
0x200: 01 00 00 00 03 5E 0E 00
0x238: 00 00 00 00 00 E4 08 00
0x260: 00 22 00 0F FF 78 00 FF
0x2B0: 80 68 86 04 27 00 08 50
0x344: 18 80 00 00 01 DB 14 01
0x370: 20 00 00 BF FF 7A 00 C0
0x501: 10 02 00 01 01 00 00 00
[2J[H======================================================================
Live CAN Monitor - 78 unique IDs (Ctrl+C to stop)
======================================================================
0x030: 0B 00 00 00 00 1F FE 7C
0x040: 80 00 00 00 7F FE 87 FE
0x050: C3 00 00 00 00 C8 C8 80
0x060: 06 67 07 FF 00 00 05 E1
0x070: 3E C7 D0 FE FE 3F FF 02
0x080: BE 03 5B 1B FF E7 0B 5B
0x0B0: 00 03 FF 03 5B 20 32 00
0x0C0: 18 2B FF AC 00 00 1E 31
0x130: 02 00 50 14 04 00 00 00
0x150: 00 00 1E 00 00 7C 00 7E
0x160: 99 03 64 00 00 00 00 00
0x190: 00 04 00 00 00 00 00 02
0x1D0: 44 F5 00 10 80 00 80 00
0x1E0: 20 00 01 00 00 00 00 00
0x1F0: 20 00 00 0F E2 00 00 40
0x200: 01 00 00 00 03 5E 0E 00
0x238: 00 00 00 00 00 C9 0C 00
0x260: 00 22 00 0F FF 78 00 FF
0x428: 00 00 00 00 AF 37 EA 02
[2J[H======================================================================
Live CAN Monitor - 78 unique IDs (Ctrl+C to stop)
======================================================================
0x030: 0B 00 00 00 00 1F FE 7C
0x040: 80 00 00 00 7F FE 87 FE
0x050: C3 00 00 00 00 C8 C8 80
0x060: 06 67 07 FF 00 00 05 E1
0x080: 4B 03 5B 1B FF 12 9B 5B
0x090: 00 00 3F A8 00 00 77 FF
0x0A0: A1 00 03 5C 03 5C 83 5C
0x0B0: 00 03 FF 03 5B 20 32 00
0x0C0: 98 9B FF AC 00 00 1E 31
0x110: 00 81 F4 00 00 00 00 FF
0x130: 02 00 50 14 04 00 00 00
0x150: 00 00 1E 00 00 7C 00 7E
0x160: 98 1E 64 00 00 00 00 00
0x180: 00 00 80 6E 06 80 16 00
0x190: 00 04 00 00 00 00 00 02
0x1D0: FE F6 00 10 80 00 80 00
0x1F0: 20 00 00 03 7E 00 00 40
0x200: 01 00 00 00 03 5E 0E 00
0x238: 00 00 00 00 00 C9 0C 00
0x260: 00 22 00 0F FF 78 00 FF
0x428: 00 00 00 00 AF 37 EA 02
[2J[H======================================================================
Live CAN Monitor - 78 unique IDs (Ctrl+C to stop)
======================================================================
0x030: 0E 00 00 00 00 1F FE 78
0x040: 80 00 00 00 7F FE 87 FE
0x050: C3 00 00 00 00 C8 C8 80
0x070: A3 D7 D0 FE FE 3F FF 02
0x080: 4B 03 5B 1B FF 12 9B 5B
0x090: 00 00 3F 8D 00 00 7F FF
0x0A0: 72 00 03 5C 03 5C D3 5C
0x0C0: 98 9B FF AC 00 00 1E 31
0x110: 00 81 F4 00 00 00 00 FF
0x140: 00 6E 83 00 00 7F 80 00
0x160: 99 03 64 00 00 00 00 00
0x170: 00 00 00 00 00 00 20 00
0x180: 00 00 80 6E 06 80 16 00
0x190: 00 04 00 00 00 00 00 02
0x1D0: FE F6 00 10 80 00 80 00
0x1F0: 20 00 00 03 7E 00 00 40
0x250: FC 00 42 67 40 C9 80 C0
0x260: 00 22 00 0F FF 78 00 FF
0x2A0: 80 81 40 00 69 44 00 01
0x2C0: 30 00 7D D0 01 40 9A 80
0x308: 61 00 00 00 00 02 03 84
0x330: C1 80 87 80 10 2A 80 00
[2J[H======================================================================
Live CAN Monitor - 78 unique IDs (Ctrl+C to stop)
======================================================================
0x030: 0E 00 00 00 00 1F FE 78
0x040: 80 00 00 00 7F FE 87 FE
0x050: C3 00 00 00 00 C8 C8 80
0x060: 06 67 07 FF 00 00 05 E1
0x070: A3 D7 D0 FE FE 3F FF 02
0x080: CA 03 5B 1B FF 93 4B 5B
0x090: 00 00 3F 53 00 00 4F FF
0x0A0: 55 00 03 5C 03 5C F3 5C
0x0B0: 00 03 FF 03 5B 29 3C 00
0x0C0: 17 8B FF EE 00 00 1E 31
0x0D0: 6C 00 40 20 E0 00 67 CC
0x100: 00 07 FE 03 FE 03 FE 00
0x160: 9D 77 64 00 00 00 00 00
0x170: 00 00 00 00 00 00 20 00
0x190: 00 04 00 00 00 00 00 02
0x1F0: 20 00 00 05 30 00 00 40
0x250: FC 00 42 67 40 C9 80 C0
0x2A0: 80 81 40 00 69 44 00 01
0x2C0: 30 00 7D D0 01 40 9A 80
0x308: 61 00 00 00 00 02 03 84
0x330: C1 80 87 80 10 2A 80 00
0x358: 00 00 00 00 00 00 00 48
0x368: 60 00 FF 82 B0 80 00 B0
0x41C: 00 00 1A 02 03 0D 0F 01
[2J[H======================================================================
Live CAN Monitor - 78 unique IDs (Ctrl+C to stop)
======================================================================
0x030: 10 00 00 00 00 1F FE 60
0x050: C3 00 00 00 00 C8 C8 80
0x060: 06 67 07 FF 00 00 05 E1
0x070: 3E C7 D0 FE FE 3F FF 02
0x080: 3F 03 5B 1B FF 66 DB 5B
0x090: 00 00 3F 53 00 00 4F FF
0x0B0: 00 03 FF 03 5B 29 3C 00
0x0C0: 17 8B FF EE 00 00 1E 31
0x0D0: 6C 00 40 20 E0 00 67 CC
0x0E0: 13 01 C0 E3 9B FF 00 8A
0x100: 00 07 FE 03 FE 03 FE 00
0x140: 00 6D 83 00 00 7F 80 00
0x160: 98 1E 64 00 00 00 00 00
0x170: 00 00 00 00 00 00 20 00
0x190: 00 04 00 00 00 00 02 02
0x1E0: 20 00 01 00 00 00 00 00
0x1F0: 20 00 00 05 30 00 00 40
0x200: 01 00 00 00 03 5E 0E 00
0x260: 00 22 00 0F FF 78 00 FF
0x310: 00 00 00 00 00 00 00 00
0x344: 18 80 00 00 01 DB 14 01
0x358: 00 00 00 00 00 00 00 48
0x368: 60 00 FF 82 B0 80 00 B0
0x400: 48 02 01 68 13 01 49 15
0x41C: 00 00 1A 02 03 0D 0F 01
[2J[H======================================================================
Live CAN Monitor - 78 unique IDs (Ctrl+C to stop)
======================================================================
0x030: 37 00 00 00 00 1F FE 4C
0x040: 80 00 00 00 7F FE 87 FE
0x050: C3 00 00 00 00 C8 C8 80
0x060: 06 67 07 FF 00 00 00 88
0x070: 3E C7 D0 FE FE 3F FF 02
0x080: BE 03 5B 1B FF E7 0B 5B
0x090: 00 00 3F B8 00 00 3F FF
0x0C0: 94 1B FF EE 00 00 1E 31
0x0E0: 13 01 C0 E3 9B FF 00 8A
0x100: 00 07 FE 03 FE 03 FE 00
0x130: 02 00 50 14 04 00 00 00
0x140: 00 6D 83 00 00 7F 80 00
0x160: 9F 4D 64 00 00 00 00 00
0x170: 00 00 00 00 00 00 20 00
0x190: 00 04 00 00 00 00 02 02
0x1E0: 20 00 01 00 00 00 00 00
0x1F0: 20 00 00 07 0A 00 00 40
0x200: 01 00 00 00 03 5E 0E 00
0x310: 00 00 00 00 00 00 00 00
0x330: C1 80 87 80 10 2A 80 00
0x340: 00 D0 00 D2 00 AE 00 C0
0x344: 18 80 00 00 01 DB 14 01
0x400: 48 02 01 68 13 01 49 15
[2J[H======================================================================
Live CAN Monitor - 78 unique IDs (Ctrl+C to stop)
======================================================================
0x030: 10 00 00 00 00 1F FE 60
0x040: 80 00 00 00 7F FE 87 FE
0x050: C3 00 00 00 00 C8 C8 80
0x060: 06 67 07 FF 00 00 01 95
0x080: 6C 03 5B 1B FF 35 AB 5B
0x090: 00 00 3F 53 00 00 4F FF
0x0B0: 00 03 FF 03 5B 20 32 00
0x0C0: 94 1B FF EE 00 00 1E 31
0x130: 02 00 50 14 04 00 00 00
0x150: 00 00 0C 00 00 60 00 7E
0x160: 9F 4D 64 00 00 00 00 00
0x1B0: 03 5D 1E 00 80 F4 13 AD
0x1C0: F0 00 00 1F 06 B5 6E 05
0x1F0: 20 00 00 0B 96 00 00 40
0x220: 24 00 00 02 10 00 00 00
0x260: 00 22 00 0F FF 78 00 FF
0x2D0: 00 00 00 00 00 00 00 00
0x330: C1 80 87 80 10 2A 80 00
0x340: 00 D0 00 D2 00 AE 00 C0
0x370: 20 00 00 BF FF 7A 00 C0
[2J[H======================================================================
Live CAN Monitor - 78 unique IDs (Ctrl+C to stop)
======================================================================
0x030: 0B 00 00 00 00 1F FE 7C
0x040: 80 00 00 00 7F FE 87 FE
0x050: C3 00 00 00 00 C8 C8 80
0x060: 06 67 07 FF 00 00 03 AF
0x070: 70 87 D0 FE FE 3F FF 02
0x080: 6C 03 5B 1B FF 35 AB 5B
0x090: 00 00 3F 3C 00 00 57 FF
0x0A0: 73 00 03 5C 03 5C 43 5C
0x130: 02 00 50 14 04 00 00 00
0x150: 00 00 0C 00 00 60 00 7E
0x170: 00 00 00 00 00 00 20 00
0x1B0: 03 5D 1E 00 80 F4 13 AD
0x1C0: F0 00 00 1F 06 B5 6E 05
0x1D0: B1 FB 00 10 80 00 80 00
0x1F0: 20 00 00 0B 96 00 00 40
0x200: 01 00 00 00 03 5E 0E 00
0x220: 24 00 00 02 10 00 00 00
0x260: 00 22 00 0F FF 78 00 FF
0x2A0: 80 81 40 00 85 44 00 1B
0x2D0: 00 00 00 00 00 00 00 00
0x310: 00 00 00 00 00 00 00 00
0x370: 20 00 00 BF FF 7A 00 C0
[2J[H======================================================================
Live CAN Monitor - 78 unique IDs (Ctrl+C to stop)
======================================================================
0x030: 1F 00 00 00 00 1F FE 6C
0x040: 80 00 00 00 7F FE 87 FE
0x050: C3 00 00 00 00 C8 C8 80
0x060: 06 67 07 FF 00 00 01 95
0x070: 70 87 D0 FE FE 3F FF 02
0x080: 84 03 5B 1B FF DD 2B 5B
0x090: 00 00 3F 19 00 00 5F FF
0x0A0: 73 00 03 5C 03 5C 43 5C
0x0C0: 97 3B FF AC 00 00 1E 31
0x0E0: 13 01 C0 16 9B FF 00 18
0x154: 47 D0 07 C7 07 D9 07 E3
0x160: 95 9F 64 00 00 00 00 00
0x170: 00 00 00 00 00 00 20 00
0x190: 00 04 40 00 00 00 22 02
0x1C0: F0 00 00 83 06 75 6E 05
0x1D0: B1 FB 00 10 80 00 80 00
0x200: 01 00 00 00 03 5E 0E 00
0x2A0: 80 81 40 00 85 44 00 1B
0x310: 00 00 00 00 00 00 00 00
[2J[H======================================================================
Live CAN Monitor - 78 unique IDs (Ctrl+C to stop)
======================================================================
0x030: 01 00 00 00 00 1F FE 74
0x040: 80 00 00 00 7F FE 87 FE
0x050: C3 00 00 00 00 C8 C8 80
0x060: 06 67 07 FF 00 00 03 AF
0x080: 84 03 5B 1B FF DD 2B 5B
0x090: 00 00 3F 53 00 00 4F FF
0x0C0: 97 3B FF AC 00 00 1E 31
0x0E0: 13 01 C0 16 9B FF 00 18
0x110: 00 81 F4 00 00 00 00 FF
0x154: 47 D0 07 C7 07 D9 07 E3
0x160: 95 9F 64 00 00 00 00 00
0x170: 00 00 00 00 00 00 20 00
0x190: 00 04 40 00 00 00 22 02
0x1B0: 03 5D 1E 00 80 00 14 AD
0x1C0: F0 00 00 83 06 75 6E 05
0x1F0: 20 00 00 0B 96 00 00 40
0x200: 01 00 00 00 03 5E 0E 00
0x250: FC 00 42 66 40 C9 80 C0
0x2C0: 30 00 7D D0 01 40 99 80
0x320: 38 40 00 00 00 03 00 00
0x368: 60 00 FF 82 B0 80 00 B0
[2J[H======================================================================
Live CAN Monitor - 78 unique IDs (Ctrl+C to stop)
======================================================================
0x030: 01 00 00 00 00 1F FE 74
0x040: 80 00 00 00 7F FE 87 FE
0x050: C3 00 00 00 00 C8 C8 80
0x060: 06 67 07 FF 00 00 05 E1
0x070: A2 47 D0 FE FE 3F FF 02
0x080: A3 03 5B 1B FF FA 1B 5B
0x090: 00 00 3F 53 00 00 4F FF
0x0E0: 13 01 C0 0B 9B FF 00 0A
0x110: 00 81 F5 00 00 00 00 FF
0x140: 00 6E 83 00 00 7F 80 00
0x150: 00 00 24 00 00 50 00 7E
0x170: 00 00 00 00 00 00 20 00
0x1B0: 03 5D 1E 00 80 00 14 AD
0x1C0: F0 00 00 25 06 95 6E 05
0x1F0: 20 00 00 0B 96 00 00 40
0x200: 01 00 00 00 03 5E 0E 00
0x250: FC 00 42 66 40 C9 80 C0
0x2A0: 80 81 40 00 F2 44 00 1D
0x2B0: 00 40 86 00 27 00 08 40
0x2C0: 30 00 7D D0 01 40 99 80
0x320: 38 40 00 00 00 03 00 00
0x344: 18 80 00 00 01 DB 14 01
0x368: 60 00 FF 82 B0 80 00 B0
[2J[H======================================================================
Live CAN Monitor - 78 unique IDs (Ctrl+C to stop)
======================================================================
0x030: 1F 00 00 00 00 1F FE 6C
0x040: 80 00 00 00 7F FE 87 FE
0x050: C3 00 00 00 00 C8 C8 80
0x060: 06 67 07 FF 00 00 01 95
0x070: A2 47 D0 FE FE 3F FF 02
0x080: 18 03 5B 1B FF 41 EB 5B
0x0A0: A1 00 03 5C 03 5C 83 5C
0x0E0: 13 01 C0 0B 9B FF 00 0A
0x110: 00 81 F4 00 00 00 00 FF
0x140: 00 6E 83 00 00 7F 80 00
0x150: 00 00 24 00 00 50 00 7E
0x170: 00 00 00 00 00 00 20 00
0x190: 00 04 00 00 00 00 00 02
0x1C0: F0 00 00 25 06 95 6E 05
0x1E0: 20 00 01 00 00 00 00 00
0x200: 01 00 00 00 03 5E 0E 00
0x230: 60 00 7F CE 00 40 00 04
0x2A0: 80 81 40 00 F2 44 00 1D
0x2B0: 00 40 86 00 27 00 08 40
0x320: 38 70 00 00 00 03 00 00
0x344: 18 80 00 00 01 DB 14 01
[2J[H======================================================================
Live CAN Monitor - 78 unique IDs (Ctrl+C to stop)
======================================================================
0x030: 01 00 00 00 00 1F FE 74
0x040: 80 00 00 00 7F FE 87 FE
0x050: C3 00 00 00 00 C8 C8 80
0x060: 06 67 07 FF 00 00 01 95
0x070: 18 77 D0 FE FE 3F FF 02
0x080: 05 03 5B 1B FF 5C FB 5B
0x090: 00 00 3F F2 00 00 2F FF
0x0A0: A1 00 03 5C 03 5C 83 5C
0x0C0: 98 9B FF EE 00 00 1E 31
0x110: 00 81 F4 00 00 00 00 FF
0x130: 02 00 50 14 04 00 00 00
0x140: 00 6E 83 00 00 7F 80 00
0x170: 00 00 00 00 00 00 20 00
0x190: 00 04 00 00 00 00 00 02
0x1E0: 20 00 01 00 00 00 00 00
0x200: 01 00 00 00 03 5E 0E 00
0x230: 60 00 7F CE 00 40 00 04
0x2D0: 00 00 00 00 00 00 00 00
0x2F0: E0 7F 00 00 00 03 FE 00
0x320: 38 70 00 00 00 03 00 00
[2J[H======================================================================
Live CAN Monitor - 78 unique IDs (Ctrl+C to stop)
======================================================================
0x030: 1A 00 00 00 00 1F FE 68
0x040: 80 00 00 00 7F FE 87 FE
0x050: C3 00 00 00 00 C8 C8 80
0x060: 06 67 07 FF 00 00 0F 33
0x070: A2 47 D0 FE FE 3F FF 02
0x080: 05 03 5B 1B FF 5C FB 5B
0x090: 00 00 3F 2C 00 00 1F FF
0x0C0: 98 9B FF EE 00 00 1E 31
0x0E0: 13 01 C0 97 9B FF 00 CA
0x130: 02 00 50 14 04 00 00 00
0x140: 00 6D 83 00 00 7F 80 00
0x148: 00 00 01 4A 00 00 08 00
0x170: 00 00 00 00 00 00 20 00
0x190: 00 04 00 00 00 00 00 02
0x1B0: 03 5D 1E 00 80 69 12 AD
0x1C0: F0 00 00 A4 06 45 6E 05
0x1D0: 0B F8 00 10 80 00 80 00
0x1F0: 20 00 00 0C C5 00 00 40
0x200: 01 00 00 00 03 5E 0E 00
0x2F0: E0 7F 00 00 00 03 FE 00
0x400: 08 01 00 00 16 04 00 01
[2J[H======================================================================
Live CAN Monitor - 78 unique IDs (Ctrl+C to stop)
======================================================================
0x030: 0B 00 00 00 00 1F FE 7C
0x040: 80 00 00 00 7F FE 87 FE
0x050: C3 00 00 00 00 C8 C8 80
0x060: 06 67 07 FF 00 00 0C 14
0x070: CB 27 D0 FE FE 3F FF 02
0x080: 22 03 5B 1B FF 7B CB 5B
0x090: 00 00 3F 2C 00 00 1F FF
0x0A0: EE 00 03 5C 03 5C 53 5C
0x0C0: 97 3B FF AC 00 00 1E 31
0x0E0: 13 01 C0 97 9B FF 00 CA
0x130: 02 00 50 14 04 00 00 00
0x140: 00 6D 83 00 00 7F 80 00
0x148: 00 00 02 8B 00 00 08 00
0x1B0: 03 5D 1E 00 80 69 12 AD
0x1C0: F0 00 00 A4 06 45 6E 05
0x1D0: 0B F8 00 10 80 00 80 00
0x1F0: 20 00 00 0C C5 00 00 40
0x230: 60 00 7F BA 00 40 00 04
0x260: 00 22 00 0F FF 78 00 FF
0x270: 00 53 A0 00 83 FE 03 00
0x290: 90 01 00 00 00 00 00 00
0x368: 60 00 FF 82 B0 80 00 B0
0x400: 08 01 00 00 16 04 00 01
[2J[H======================================================================
Live CAN Monitor - 79 unique IDs (Ctrl+C to stop)
======================================================================
0x030: 01 00 00 00 00 1F FE 74
0x040: 80 00 00 00 7F FE 87 FE
0x050: C3 00 00 00 00 C8 C8 80
0x060: 06 67 07 FF 00 00 0E 2E
0x070: CB 27 D0 FE FE 3F FF 02
0x080: 22 03 5B 1B FF 7B CB 5B
0x090: 00 00 3F 66 00 00 0F FF
0x0A0: EE 00 03 5C 03 5C 53 5C
0x0C0: 98 9B FF AC 00 00 1E 31
0x130: 02 00 50 14 04 00 00 00
0x140: 00 6E 83 00 00 7F 80 00
0x148: 00 00 02 8B 00 00 08 00
0x160: 91 EB 64 00 00 00 00 00
0x170: 00 00 00 00 00 00 20 00
0x1D0: 2C FA 00 10 80 00 80 00
0x200: 01 00 00 00 03 5E 0E 00
0x230: 60 00 7F BA 00 40 00 04
0x260: 00 22 00 0F FF 78 00 FF
0x290: 90 01 00 00 00 00 00 00
0x2E8: 00 00 00 00 7E 02 00 00
0x310: 00 80 00 00 00 00 00 00
0x368: 60 00 FF 82 B0 80 00 B0
0x418: 02 00 00 A7 5E 53 A0 90
0x458: 30 35 30 33 90 82 53 39
